[2016-08-30 15:50:43] request.ERROR: Uncaught PHP Exception Symfony\Component\HttpKernel\Exception\NotFoundHttpException: "No route found for "GET /web/classroom/explore"" at D:\WAMP\WWW\edusoho\app\cache\prod\classes.php line 1886 {"exception":"[object] (Symfony\\Component\\HttpKernel\\Exception\\NotFoundHttpException(code: 0): No route found for \"GET /web/classroom/explore\" at D:\\WAMP\\WWW\\edusoho\\app\\cache\\prod\\classes.php:1886, Symfony\\Component\\Routing\\Exception\\ResourceNotFoundException(code: 0):  at D:\\WAMP\\WWW\\edusoho\\app\\cache\\prod\\appProdUrlMatcher.php:6667)"} []
[2016-08-30 15:50:51] request.ERROR: Uncaught PHP Exception Symfony\Component\HttpKernel\Exception\NotFoundHttpException: "No route found for "GET /web/"" at D:\WAMP\WWW\edusoho\app\cache\prod\classes.php line 1886 {"exception":"[object] (Symfony\\Component\\HttpKernel\\Exception\\NotFoundHttpException(code: 0): No route found for \"GET /web/\" at D:\\WAMP\\WWW\\edusoho\\app\\cache\\prod\\classes.php:1886, Symfony\\Component\\Routing\\Exception\\ResourceNotFoundException(code: 0):  at D:\\WAMP\\WWW\\edusoho\\app\\cache\\prod\\appProdUrlMatcher.php:6667)"} []
[2016-08-31 11:02:49] request.INFO: Matched route "admin_setting_live_course_setting" (parameters: "_controller": "Topxia\AdminBundle\Controller\CourseSettingController::liveCourseSettingAction", "_route": "admin_setting_live_course_setting") [] []
[2016-08-31 11:02:50] security.DEBUG: Read SecurityContext from the session [] []
[2016-08-31 11:02:50] security.DEBUG: Reloading user from user provider. [] []
[2016-08-31 11:02:50] security.DEBUG: Username "liaowu912@163.com" was reloaded from user provider. [] []
[2016-08-31 11:02:50] request.CRITICAL: Uncaught PHP Exception Topxia\Service\CloudPlatform\Client\CloudAPIIOException: "Connect api server timeout (url: http://leafapi1.edusoho.net/v1/lives/capacity?timestamp=1472612570)." at D:\WAMP\WWW\edusoho\src\Topxia\Service\CloudPlatform\Client\AbstractCloudAPI.php line 149 {"exception":"[object] (Topxia\\Service\\CloudPlatform\\Client\\CloudAPIIOException(code: 0): Connect api server timeout (url: http://leafapi1.edusoho.net/v1/lives/capacity?timestamp=1472612570). at D:\\WAMP\\WWW\\edusoho\\src\\Topxia\\Service\\CloudPlatform\\Client\\AbstractCloudAPI.php:149)"} []
[2016-08-31 11:02:50] security.DEBUG: Write SecurityContext in the session [] []
[2016-08-31 11:02:54] request.INFO: Matched route "admin_setting_live_course_setting" (parameters: "_controller": "Topxia\AdminBundle\Controller\CourseSettingController::liveCourseSettingAction", "_route": "admin_setting_live_course_setting") [] []
[2016-08-31 11:02:54] security.DEBUG: Read SecurityContext from the session [] []
[2016-08-31 11:02:54] security.DEBUG: Reloading user from user provider. [] []
[2016-08-31 11:02:54] security.DEBUG: Username "liaowu912@163.com" was reloaded from user provider. [] []
[2016-08-31 11:02:54] request.CRITICAL: Uncaught PHP Exception Topxia\Service\CloudPlatform\Client\CloudAPIIOException: "Connect api server timeout (url: http://leafapi1.edusoho.net/v1/lives/capacity?timestamp=1472612574)." at D:\WAMP\WWW\edusoho\src\Topxia\Service\CloudPlatform\Client\AbstractCloudAPI.php line 149 {"exception":"[object] (Topxia\\Service\\CloudPlatform\\Client\\CloudAPIIOException(code: 0): Connect api server timeout (url: http://leafapi1.edusoho.net/v1/lives/capacity?timestamp=1472612574). at D:\\WAMP\\WWW\\edusoho\\src\\Topxia\\Service\\CloudPlatform\\Client\\AbstractCloudAPI.php:149)"} []
[2016-08-31 11:02:54] security.DEBUG: Write SecurityContext in the session [] []
[2016-08-31 19:50:14] request.INFO: Matched route "admin_setting_live_course_setting" (parameters: "_controller": "Topxia\AdminBundle\Controller\CourseSettingController::liveCourseSettingAction", "_route": "admin_setting_live_course_setting") [] []
[2016-08-31 19:50:14] security.DEBUG: Read SecurityContext from the session [] []
[2016-08-31 19:50:14] security.DEBUG: Reloading user from user provider. [] []
[2016-08-31 19:50:14] security.DEBUG: Username "liaowu912@163.com" was reloaded from user provider. [] []
[2016-08-31 19:50:14] request.CRITICAL: Uncaught PHP Exception Topxia\Service\CloudPlatform\Client\CloudAPIIOException: "Connect api server timeout (url: http://leafapi1.edusoho.net/v1/lives/capacity?timestamp=1472644214)." at D:\WAMP\WWW\edusoho\src\Topxia\Service\CloudPlatform\Client\AbstractCloudAPI.php line 149 {"exception":"[object] (Topxia\\Service\\CloudPlatform\\Client\\CloudAPIIOException(code: 0): Connect api server timeout (url: http://leafapi1.edusoho.net/v1/lives/capacity?timestamp=1472644214). at D:\\WAMP\\WWW\\edusoho\\src\\Topxia\\Service\\CloudPlatform\\Client\\AbstractCloudAPI.php:149)"} []
[2016-08-31 19:50:14] security.DEBUG: Write SecurityContext in the session [] []
[2016-08-31 19:57:53] request.INFO: Matched route "admin_setting_live_course_setting" (parameters: "_controller": "Topxia\AdminBundle\Controller\CourseSettingController::liveCourseSettingAction", "_route": "admin_setting_live_course_setting") [] []
[2016-08-31 19:57:53] security.DEBUG: Read SecurityContext from the session [] []
[2016-08-31 19:57:53] security.DEBUG: Reloading user from user provider. [] []
[2016-08-31 19:57:53] security.DEBUG: Username "liaowu912@163.com" was reloaded from user provider. [] []
[2016-08-31 19:57:53] request.CRITICAL: Uncaught PHP Exception Topxia\Service\CloudPlatform\Client\CloudAPIIOException: "Connect api server timeout (url: http://leafapi1.edusoho.net/v1/lives/capacity?timestamp=1472644673)." at D:\WAMP\WWW\edusoho\src\Topxia\Service\CloudPlatform\Client\AbstractCloudAPI.php line 149 {"exception":"[object] (Topxia\\Service\\CloudPlatform\\Client\\CloudAPIIOException(code: 0): Connect api server timeout (url: http://leafapi1.edusoho.net/v1/lives/capacity?timestamp=1472644673). at D:\\WAMP\\WWW\\edusoho\\src\\Topxia\\Service\\CloudPlatform\\Client\\AbstractCloudAPI.php:149)"} []
[2016-08-31 19:57:54] security.DEBUG: Write SecurityContext in the session [] []
[2016-08-31 19:58:17] request.INFO: Matched route "admin_setting_live_course_setting" (parameters: "_controller": "Topxia\AdminBundle\Controller\CourseSettingController::liveCourseSettingAction", "_route": "admin_setting_live_course_setting") [] []
[2016-08-31 19:58:18] security.DEBUG: Read SecurityContext from the session [] []
[2016-08-31 19:58:18] security.DEBUG: Reloading user from user provider. [] []
[2016-08-31 19:58:18] security.DEBUG: Username "liaowu912@163.com" was reloaded from user provider. [] []
[2016-08-31 19:58:18] request.CRITICAL: Uncaught PHP Exception Topxia\Service\CloudPlatform\Client\CloudAPIIOException: "Connect api server timeout (url: http://leafapi1.edusoho.net/v1/lives/capacity?timestamp=1472644698)." at D:\WAMP\WWW\edusoho\src\Topxia\Service\CloudPlatform\Client\AbstractCloudAPI.php line 149 {"exception":"[object] (Topxia\\Service\\CloudPlatform\\Client\\CloudAPIIOException(code: 0): Connect api server timeout (url: http://leafapi1.edusoho.net/v1/lives/capacity?timestamp=1472644698). at D:\\WAMP\\WWW\\edusoho\\src\\Topxia\\Service\\CloudPlatform\\Client\\AbstractCloudAPI.php:149)"} []
[2016-08-31 19:58:18] security.DEBUG: Write SecurityContext in the session [] []
[2016-08-31 19:59:58] request.INFO: Matched route "admin_setting_live_course_setting" (parameters: "_controller": "Topxia\AdminBundle\Controller\CourseSettingController::liveCourseSettingAction", "_route": "admin_setting_live_course_setting") [] []
[2016-08-31 19:59:58] security.DEBUG: Read SecurityContext from the session [] []
[2016-08-31 19:59:58] security.DEBUG: Reloading user from user provider. [] []
[2016-08-31 19:59:58] security.DEBUG: Username "liaowu912@163.com" was reloaded from user provider. [] []
[2016-08-31 19:59:59] request.CRITICAL: Uncaught PHP Exception Topxia\Service\CloudPlatform\Client\CloudAPIIOException: "Connect api server timeout (url: http://leafapi1.edusoho.net/v1/lives/capacity?timestamp=1472644798)." at D:\WAMP\WWW\edusoho\src\Topxia\Service\CloudPlatform\Client\AbstractCloudAPI.php line 149 {"exception":"[object] (Topxia\\Service\\CloudPlatform\\Client\\CloudAPIIOException(code: 0): Connect api server timeout (url: http://leafapi1.edusoho.net/v1/lives/capacity?timestamp=1472644798). at D:\\WAMP\\WWW\\edusoho\\src\\Topxia\\Service\\CloudPlatform\\Client\\AbstractCloudAPI.php:149)"} []
[2016-08-31 19:59:59] security.DEBUG: Write SecurityContext in the session [] []
[2016-08-31 20:02:01] request.INFO: Matched route "admin_setting_live_course_setting" (parameters: "_controller": "Topxia\AdminBundle\Controller\CourseSettingController::liveCourseSettingAction", "_route": "admin_setting_live_course_setting") [] []
[2016-08-31 20:02:01] security.DEBUG: Read SecurityContext from the session [] []
[2016-08-31 20:02:01] security.DEBUG: Reloading user from user provider. [] []
[2016-08-31 20:02:01] security.DEBUG: Username "liaowu912@163.com" was reloaded from user provider. [] []
[2016-08-31 20:02:01] request.CRITICAL: Uncaught PHP Exception Topxia\Service\CloudPlatform\Client\CloudAPIIOException: "Connect api server timeout (url: http://leafapi1.edusoho.net/v1/lives/capacity?timestamp=1472644921)." at D:\WAMP\WWW\edusoho\src\Topxia\Service\CloudPlatform\Client\AbstractCloudAPI.php line 149 {"exception":"[object] (Topxia\\Service\\CloudPlatform\\Client\\CloudAPIIOException(code: 0): Connect api server timeout (url: http://leafapi1.edusoho.net/v1/lives/capacity?timestamp=1472644921). at D:\\WAMP\\WWW\\edusoho\\src\\Topxia\\Service\\CloudPlatform\\Client\\AbstractCloudAPI.php:149)"} []
[2016-08-31 20:02:01] security.DEBUG: Write SecurityContext in the session [] []
[2016-08-31 20:12:23] request.INFO: Matched route "admin_setting_live_course_setting" (parameters: "_controller": "Topxia\AdminBundle\Controller\CourseSettingController::liveCourseSettingAction", "_route": "admin_setting_live_course_setting") [] []
[2016-08-31 20:12:23] security.DEBUG: Read SecurityContext from the session [] []
[2016-08-31 20:12:23] security.DEBUG: Reloading user from user provider. [] []
[2016-08-31 20:12:23] security.DEBUG: Username "liaowu912@163.com" was reloaded from user provider. [] []
[2016-08-31 20:12:23] request.CRITICAL: Uncaught PHP Exception Topxia\Service\CloudPlatform\Client\CloudAPIIOException: "Connect api server timeout (url: http://leafapi1.edusoho.net/v1/lives/capacity?timestamp=1472645543)." at D:\WAMP\WWW\edusoho\src\Topxia\Service\CloudPlatform\Client\AbstractCloudAPI.php line 149 {"exception":"[object] (Topxia\\Service\\CloudPlatform\\Client\\CloudAPIIOException(code: 0): Connect api server timeout (url: http://leafapi1.edusoho.net/v1/lives/capacity?timestamp=1472645543). at D:\\WAMP\\WWW\\edusoho\\src\\Topxia\\Service\\CloudPlatform\\Client\\AbstractCloudAPI.php:149)"} []
[2016-08-31 20:12:23] security.DEBUG: Write SecurityContext in the session [] []
[2016-08-31 20:12:35] request.INFO: Matched route "admin_setting_mobile" (parameters: "_controller": "Topxia\AdminBundle\Controller\SettingController::mobileAction", "_route": "admin_setting_mobile") [] []
[2016-08-31 20:12:35] security.DEBUG: Read SecurityContext from the session [] []
[2016-08-31 20:12:35] security.DEBUG: Reloading user from user provider. [] []
[2016-08-31 20:12:35] security.DEBUG: Username "liaowu912@163.com" was reloaded from user provider. [] []
[2016-08-31 20:12:35] request.CRITICAL: Uncaught PHP Exception Topxia\Service\CloudPlatform\Client\CloudAPIIOException: "Connect api server timeout (url: http://leafapi1.edusoho.net/v1/me)." at D:\WAMP\WWW\edusoho\src\Topxia\Service\CloudPlatform\Client\AbstractCloudAPI.php line 149 {"exception":"[object] (Topxia\\Service\\CloudPlatform\\Client\\CloudAPIIOException(code: 0): Connect api server timeout (url: http://leafapi1.edusoho.net/v1/me). at D:\\WAMP\\WWW\\edusoho\\src\\Topxia\\Service\\CloudPlatform\\Client\\AbstractCloudAPI.php:149)"} []
[2016-08-31 20:12:35] security.DEBUG: Write SecurityContext in the session [] []
[2016-08-31 20:21:41] request.INFO: Matched route "admin_setting_mobile" (parameters: "_controller": "Topxia\AdminBundle\Controller\SettingController::mobileAction", "_route": "admin_setting_mobile") [] []
[2016-08-31 20:21:41] security.DEBUG: Read SecurityContext from the session [] []
[2016-08-31 20:21:41] security.DEBUG: Reloading user from user provider. [] []
[2016-08-31 20:21:41] security.DEBUG: Username "liaowu912@163.com" was reloaded from user provider. [] []
[2016-08-31 20:21:41] request.CRITICAL: Uncaught PHP Exception Topxia\Service\CloudPlatform\Client\CloudAPIIOException: "Connect api server timeout (url: http://leafapi1.edusoho.net/v1/me)." at D:\WAMP\WWW\edusoho\src\Topxia\Service\CloudPlatform\Client\AbstractCloudAPI.php line 149 {"exception":"[object] (Topxia\\Service\\CloudPlatform\\Client\\CloudAPIIOException(code: 0): Connect api server timeout (url: http://leafapi1.edusoho.net/v1/me). at D:\\WAMP\\WWW\\edusoho\\src\\Topxia\\Service\\CloudPlatform\\Client\\AbstractCloudAPI.php:149)"} []
[2016-08-31 20:21:41] security.DEBUG: Write SecurityContext in the session [] []
[2016-09-01 08:42:54] request.INFO: Matched route "admin_setting_live_course_setting" (parameters: "_controller": "Topxia\AdminBundle\Controller\CourseSettingController::liveCourseSettingAction", "_route": "admin_setting_live_course_setting") [] []
[2016-09-01 08:42:54] security.DEBUG: Read SecurityContext from the session [] []
[2016-09-01 08:42:54] security.DEBUG: Reloading user from user provider. [] []
[2016-09-01 08:42:54] security.DEBUG: Username "liaowu912@163.com" was reloaded from user provider. [] []
[2016-09-01 08:42:54] request.CRITICAL: Uncaught PHP Exception Topxia\Service\CloudPlatform\Client\CloudAPIIOException: "Connect api server timeout (url: http://leafapi1.edusoho.net/v1/lives/capacity?timestamp=1472690574)." at D:\WAMP\WWW\edusoho\src\Topxia\Service\CloudPlatform\Client\AbstractCloudAPI.php line 149 {"exception":"[object] (Topxia\\Service\\CloudPlatform\\Client\\CloudAPIIOException(code: 0): Connect api server timeout (url: http://leafapi1.edusoho.net/v1/lives/capacity?timestamp=1472690574). at D:\\WAMP\\WWW\\edusoho\\src\\Topxia\\Service\\CloudPlatform\\Client\\AbstractCloudAPI.php:149)"} []
[2016-09-01 08:42:55] security.DEBUG: Write SecurityContext in the session [] []
[2016-09-01 08:46:36] request.ERROR: Uncaught PHP Exception Symfony\Component\HttpKernel\Exception\NotFoundHttpException: "No route found for "GET /admin/setting/wrong-collection"" at D:\WAMP\WWW\edusoho\app\cache\prod\classes.php line 1886 {"exception":"[object] (Symfony\\Component\\HttpKernel\\Exception\\NotFoundHttpException(code: 0): No route found for \"GET /admin/setting/wrong-collection\" at D:\\WAMP\\WWW\\edusoho\\app\\cache\\prod\\classes.php:1886, Symfony\\Component\\Routing\\Exception\\ResourceNotFoundException(code: 0):  at D:\\WAMP\\WWW\\edusoho\\app\\cache\\prod\\appProdUrlMatcher.php:6671)"} []
[2016-09-01 08:46:40] request.ERROR: Uncaught PHP Exception Symfony\Component\HttpKernel\Exception\NotFoundHttpException: "No route found for "GET /admin/setting/wrong-collection"" at D:\WAMP\WWW\edusoho\app\cache\prod\classes.php line 1886 {"exception":"[object] (Symfony\\Component\\HttpKernel\\Exception\\NotFoundHttpException(code: 0): No route found for \"GET /admin/setting/wrong-collection\" at D:\\WAMP\\WWW\\edusoho\\app\\cache\\prod\\classes.php:1886, Symfony\\Component\\Routing\\Exception\\ResourceNotFoundException(code: 0):  at D:\\WAMP\\WWW\\edusoho\\app\\cache\\prod\\appProdUrlMatcher.php:6671)"} []
[2016-09-01 08:46:44] request.ERROR: Uncaught PHP Exception Symfony\Component\HttpKernel\Exception\NotFoundHttpException: "No route found for "GET /admin/setting/wrong-collection"" at D:\WAMP\WWW\edusoho\app\cache\prod\classes.php line 1886 {"exception":"[object] (Symfony\\Component\\HttpKernel\\Exception\\NotFoundHttpException(code: 0): No route found for \"GET /admin/setting/wrong-collection\" at D:\\WAMP\\WWW\\edusoho\\app\\cache\\prod\\classes.php:1886, Symfony\\Component\\Routing\\Exception\\ResourceNotFoundException(code: 0):  at D:\\WAMP\\WWW\\edusoho\\app\\cache\\prod\\appProdUrlMatcher.php:6671)"} []
[2016-09-01 08:47:09] request.ERROR: Uncaught PHP Exception Symfony\Component\HttpKernel\Exception\NotFoundHttpException: "No route found for "GET /admin/setting/wrong-collection"" at D:\WAMP\WWW\edusoho\app\cache\prod\classes.php line 1886 {"exception":"[object] (Symfony\\Component\\HttpKernel\\Exception\\NotFoundHttpException(code: 0): No route found for \"GET /admin/setting/wrong-collection\" at D:\\WAMP\\WWW\\edusoho\\app\\cache\\prod\\classes.php:1886, Symfony\\Component\\Routing\\Exception\\ResourceNotFoundException(code: 0):  at D:\\WAMP\\WWW\\edusoho\\app\\cache\\prod\\appProdUrlMatcher.php:6671)"} []
[2016-09-01 08:48:15] request.ERROR: Uncaught PHP Exception Symfony\Component\HttpKernel\Exception\NotFoundHttpException: "No route found for "GET /admin/setting/wrong-collection"" at D:\WAMP\WWW\edusoho\app\cache\prod\classes.php line 1886 {"exception":"[object] (Symfony\\Component\\HttpKernel\\Exception\\NotFoundHttpException(code: 0): No route found for \"GET /admin/setting/wrong-collection\" at D:\\WAMP\\WWW\\edusoho\\app\\cache\\prod\\classes.php:1886, Symfony\\Component\\Routing\\Exception\\ResourceNotFoundException(code: 0):  at D:\\WAMP\\WWW\\edusoho\\app\\cache\\prod\\appProdUrlMatcher.php:6671)"} []
[2016-09-01 08:48:50] request.ERROR: Uncaught PHP Exception Symfony\Component\HttpKernel\Exception\NotFoundHttpException: "No route found for "GET /admin/setting/wrong-collection"" at D:\WAMP\WWW\edusoho\app\cache\prod\classes.php line 1886 {"exception":"[object] (Symfony\\Component\\HttpKernel\\Exception\\NotFoundHttpException(code: 0): No route found for \"GET /admin/setting/wrong-collection\" at D:\\WAMP\\WWW\\edusoho\\app\\cache\\prod\\classes.php:1886, Symfony\\Component\\Routing\\Exception\\ResourceNotFoundException(code: 0):  at D:\\WAMP\\WWW\\edusoho\\app\\cache\\prod\\appProdUrlMatcher.php:6671)"} []
[2016-09-01 08:51:58] request.ERROR: Uncaught PHP Exception Symfony\Component\HttpKernel\Exception\NotFoundHttpException: "No route found for "GET /admin/setting/wrong-collection"" at D:\WAMP\WWW\edusoho\app\cache\prod\classes.php line 1886 {"exception":"[object] (Symfony\\Component\\HttpKernel\\Exception\\NotFoundHttpException(code: 0): No route found for \"GET /admin/setting/wrong-collection\" at D:\\WAMP\\WWW\\edusoho\\app\\cache\\prod\\classes.php:1886, Symfony\\Component\\Routing\\Exception\\ResourceNotFoundException(code: 0):  at D:\\WAMP\\WWW\\edusoho\\app\\cache\\prod\\appProdUrlMatcher.php:6671)"} []
[2016-09-01 08:52:01] request.ERROR: Uncaught PHP Exception Symfony\Component\HttpKernel\Exception\NotFoundHttpException: "No route found for "GET /admin/setting/wrong-collection"" at D:\WAMP\WWW\edusoho\app\cache\prod\classes.php line 1886 {"exception":"[object] (Symfony\\Component\\HttpKernel\\Exception\\NotFoundHttpException(code: 0): No route found for \"GET /admin/setting/wrong-collection\" at D:\\WAMP\\WWW\\edusoho\\app\\cache\\prod\\classes.php:1886, Symfony\\Component\\Routing\\Exception\\ResourceNotFoundException(code: 0):  at D:\\WAMP\\WWW\\edusoho\\app\\cache\\prod\\appProdUrlMatcher.php:6671)"} []
[2016-09-01 08:52:34] request.INFO: Matched route "admin_setting_course_avatar" (parameters: "_controller": "Topxia\AdminBundle\Controller\CourseSettingController::courseAvatarAction", "_route": "admin_setting_course_avatar") [] []
[2016-09-01 08:52:34] security.DEBUG: Read SecurityContext from the session [] []
[2016-09-01 08:52:34] security.DEBUG: Reloading user from user provider. [] []
[2016-09-01 08:52:34] security.DEBUG: Username "liaowu912@163.com" was reloaded from user provider. [] []
[2016-09-01 08:52:34] request.CRITICAL: Uncaught PHP Exception LogicException: "The controller must return a response (null given). Did you forget to add a return statement somewhere in your controller?" at D:\WAMP\WWW\edusoho\app\bootstrap.php.cache line 2952 {"exception":"[object] (LogicException(code: 0): The controller must return a response (null given). Did you forget to add a return statement somewhere in your controller? at D:\\WAMP\\WWW\\edusoho\\app\\bootstrap.php.cache:2952)"} []
[2016-09-01 08:52:34] security.DEBUG: Write SecurityContext in the session [] []
[2016-09-01 08:52:43] request.INFO: Matched route "admin_setting_course_avatar" (parameters: "_controller": "Topxia\AdminBundle\Controller\CourseSettingController::courseAvatarAction", "_route": "admin_setting_course_avatar") [] []
[2016-09-01 08:52:43] security.DEBUG: Read SecurityContext from the session [] []
[2016-09-01 08:52:43] security.DEBUG: Reloading user from user provider. [] []
[2016-09-01 08:52:43] security.DEBUG: Username "liaowu912@163.com" was reloaded from user provider. [] []
[2016-09-01 08:52:43] request.CRITICAL: Uncaught PHP Exception LogicException: "The controller must return a response (null given). Did you forget to add a return statement somewhere in your controller?" at D:\WAMP\WWW\edusoho\app\bootstrap.php.cache line 2952 {"exception":"[object] (LogicException(code: 0): The controller must return a response (null given). Did you forget to add a return statement somewhere in your controller? at D:\\WAMP\\WWW\\edusoho\\app\\bootstrap.php.cache:2952)"} []
[2016-09-01 08:52:43] security.DEBUG: Write SecurityContext in the session [] []
[2016-09-01 08:52:52] request.INFO: Matched route "admin_setting_course_avatar" (parameters: "_controller": "Topxia\AdminBundle\Controller\CourseSettingController::courseAvatarAction", "_route": "admin_setting_course_avatar") [] []
[2016-09-01 08:52:52] security.DEBUG: Read SecurityContext from the session [] []
[2016-09-01 08:52:52] security.DEBUG: Reloading user from user provider. [] []
[2016-09-01 08:52:53] security.DEBUG: Username "liaowu912@163.com" was reloaded from user provider. [] []
[2016-09-01 08:52:53] request.CRITICAL: Uncaught PHP Exception LogicException: "The controller must return a response (null given). Did you forget to add a return statement somewhere in your controller?" at D:\WAMP\WWW\edusoho\app\bootstrap.php.cache line 2952 {"exception":"[object] (LogicException(code: 0): The controller must return a response (null given). Did you forget to add a return statement somewhere in your controller? at D:\\WAMP\\WWW\\edusoho\\app\\bootstrap.php.cache:2952)"} []
[2016-09-01 08:52:53] security.DEBUG: Write SecurityContext in the session [] []
[2016-09-01 08:52:55] request.ERROR: Uncaught PHP Exception Symfony\Component\HttpKernel\Exception\NotFoundHttpException: "No route found for "GET /admin/setting/wrong-collection"" at D:\WAMP\WWW\edusoho\app\cache\prod\classes.php line 1886 {"exception":"[object] (Symfony\\Component\\HttpKernel\\Exception\\NotFoundHttpException(code: 0): No route found for \"GET /admin/setting/wrong-collection\" at D:\\WAMP\\WWW\\edusoho\\app\\cache\\prod\\classes.php:1886, Symfony\\Component\\Routing\\Exception\\ResourceNotFoundException(code: 0):  at D:\\WAMP\\WWW\\edusoho\\app\\cache\\prod\\appProdUrlMatcher.php:6671)"} []
[2016-09-01 08:56:12] request.ERROR: Uncaught PHP Exception Symfony\Component\HttpKernel\Exception\NotFoundHttpException: "No route found for "GET /admin/setting/wrong-collection"" at D:\WAMP\WWW\edusoho\app\cache\prod\classes.php line 1886 {"exception":"[object] (Symfony\\Component\\HttpKernel\\Exception\\NotFoundHttpException(code: 0): No route found for \"GET /admin/setting/wrong-collection\" at D:\\WAMP\\WWW\\edusoho\\app\\cache\\prod\\classes.php:1886, Symfony\\Component\\Routing\\Exception\\ResourceNotFoundException(code: 0):  at D:\\WAMP\\WWW\\edusoho\\app\\cache\\prod\\appProdUrlMatcher.php:6671)"} []
[2016-09-01 08:56:29] request.ERROR: Uncaught PHP Exception Symfony\Component\HttpKernel\Exception\NotFoundHttpException: "No route found for "GET /admin/setting/wrong-collection"" at D:\WAMP\WWW\edusoho\app\cache\prod\classes.php line 1886 {"exception":"[object] (Symfony\\Component\\HttpKernel\\Exception\\NotFoundHttpException(code: 0): No route found for \"GET /admin/setting/wrong-collection\" at D:\\WAMP\\WWW\\edusoho\\app\\cache\\prod\\classes.php:1886, Symfony\\Component\\Routing\\Exception\\ResourceNotFoundException(code: 0):  at D:\\WAMP\\WWW\\edusoho\\app\\cache\\prod\\appProdUrlMatcher.php:6671)"} []
[2016-09-01 08:57:50] request.ERROR: Uncaught PHP Exception Symfony\Component\HttpKernel\Exception\NotFoundHttpException: "No route found for "GET /admin/setting/wrong-collection"" at D:\WAMP\WWW\edusoho\app\cache\prod\classes.php line 1886 {"exception":"[object] (Symfony\\Component\\HttpKernel\\Exception\\NotFoundHttpException(code: 0): No route found for \"GET /admin/setting/wrong-collection\" at D:\\WAMP\\WWW\\edusoho\\app\\cache\\prod\\classes.php:1886, Symfony\\Component\\Routing\\Exception\\ResourceNotFoundException(code: 0):  at D:\\WAMP\\WWW\\edusoho\\app\\cache\\prod\\appProdUrlMatcher.php:6671)"} []
[2016-09-01 08:58:00] request.ERROR: Uncaught PHP Exception Symfony\Component\HttpKernel\Exception\NotFoundHttpException: "No route found for "GET /admin/setting/wrong-collection"" at D:\WAMP\WWW\edusoho\app\cache\prod\classes.php line 1886 {"exception":"[object] (Symfony\\Component\\HttpKernel\\Exception\\NotFoundHttpException(code: 0): No route found for \"GET /admin/setting/wrong-collection\" at D:\\WAMP\\WWW\\edusoho\\app\\cache\\prod\\classes.php:1886, Symfony\\Component\\Routing\\Exception\\ResourceNotFoundException(code: 0):  at D:\\WAMP\\WWW\\edusoho\\app\\cache\\prod\\appProdUrlMatcher.php:6671)"} []
[2016-09-01 08:58:05] request.INFO: Matched route "admin_setting_live_course_setting" (parameters: "_controller": "Topxia\AdminBundle\Controller\CourseSettingController::liveCourseSettingAction", "_route": "admin_setting_live_course_setting") [] []
[2016-09-01 08:58:05] security.DEBUG: Read SecurityContext from the session [] []
[2016-09-01 08:58:05] security.DEBUG: Reloading user from user provider. [] []
[2016-09-01 08:58:05] security.DEBUG: Username "liaowu912@163.com" was reloaded from user provider. [] []
[2016-09-01 08:58:05] request.CRITICAL: Uncaught PHP Exception Topxia\Service\CloudPlatform\Client\CloudAPIIOException: "Connect api server timeout (url: http://leafapi1.edusoho.net/v1/lives/capacity?timestamp=1472691485)." at D:\WAMP\WWW\edusoho\src\Topxia\Service\CloudPlatform\Client\AbstractCloudAPI.php line 149 {"exception":"[object] (Topxia\\Service\\CloudPlatform\\Client\\CloudAPIIOException(code: 0): Connect api server timeout (url: http://leafapi1.edusoho.net/v1/lives/capacity?timestamp=1472691485). at D:\\WAMP\\WWW\\edusoho\\src\\Topxia\\Service\\CloudPlatform\\Client\\AbstractCloudAPI.php:149)"} []
[2016-09-01 08:58:05] security.DEBUG: Write SecurityContext in the session [] []
[2016-09-01 08:58:11] request.INFO: Matched route "admin_setting_live_course_setting" (parameters: "_controller": "Topxia\AdminBundle\Controller\CourseSettingController::liveCourseSettingAction", "_route": "admin_setting_live_course_setting") [] []
[2016-09-01 08:58:11] security.DEBUG: Read SecurityContext from the session [] []
[2016-09-01 08:58:11] security.DEBUG: Reloading user from user provider. [] []
[2016-09-01 08:58:11] security.DEBUG: Username "liaowu912@163.com" was reloaded from user provider. [] []
[2016-09-01 08:58:11] request.CRITICAL: Uncaught PHP Exception Topxia\Service\CloudPlatform\Client\CloudAPIIOException: "Connect api server timeout (url: http://leafapi1.edusoho.net/v1/lives/capacity?timestamp=1472691491)." at D:\WAMP\WWW\edusoho\src\Topxia\Service\CloudPlatform\Client\AbstractCloudAPI.php line 149 {"exception":"[object] (Topxia\\Service\\CloudPlatform\\Client\\CloudAPIIOException(code: 0): Connect api server timeout (url: http://leafapi1.edusoho.net/v1/lives/capacity?timestamp=1472691491). at D:\\WAMP\\WWW\\edusoho\\src\\Topxia\\Service\\CloudPlatform\\Client\\AbstractCloudAPI.php:149)"} []
[2016-09-01 08:58:11] security.DEBUG: Write SecurityContext in the session [] []
[2016-09-01 08:58:15] request.INFO: Matched route "admin_setting_live_course_setting" (parameters: "_controller": "Topxia\AdminBundle\Controller\CourseSettingController::liveCourseSettingAction", "_route": "admin_setting_live_course_setting") [] []
[2016-09-01 08:58:15] security.DEBUG: Read SecurityContext from the session [] []
[2016-09-01 08:58:15] security.DEBUG: Reloading user from user provider. [] []
[2016-09-01 08:58:15] security.DEBUG: Username "liaowu912@163.com" was reloaded from user provider. [] []
[2016-09-01 08:58:15] request.CRITICAL: Uncaught PHP Exception Topxia\Service\CloudPlatform\Client\CloudAPIIOException: "Connect api server timeout (url: http://leafapi1.edusoho.net/v1/lives/capacity?timestamp=1472691495)." at D:\WAMP\WWW\edusoho\src\Topxia\Service\CloudPlatform\Client\AbstractCloudAPI.php line 149 {"exception":"[object] (Topxia\\Service\\CloudPlatform\\Client\\CloudAPIIOException(code: 0): Connect api server timeout (url: http://leafapi1.edusoho.net/v1/lives/capacity?timestamp=1472691495). at D:\\WAMP\\WWW\\edusoho\\src\\Topxia\\Service\\CloudPlatform\\Client\\AbstractCloudAPI.php:149)"} []
[2016-09-01 08:58:15] security.DEBUG: Write SecurityContext in the session [] []
[2016-09-01 08:58:17] request.ERROR: Uncaught PHP Exception Symfony\Component\HttpKernel\Exception\NotFoundHttpException: "No route found for "GET /admin/setting/wrong-collection"" at D:\WAMP\WWW\edusoho\app\cache\prod\classes.php line 1886 {"exception":"[object] (Symfony\\Component\\HttpKernel\\Exception\\NotFoundHttpException(code: 0): No route found for \"GET /admin/setting/wrong-collection\" at D:\\WAMP\\WWW\\edusoho\\app\\cache\\prod\\classes.php:1886, Symfony\\Component\\Routing\\Exception\\ResourceNotFoundException(code: 0):  at D:\\WAMP\\WWW\\edusoho\\app\\cache\\prod\\appProdUrlMatcher.php:6671)"} []
[2016-09-01 08:58:20] request.INFO: Matched route "admin_setting_live_course_setting" (parameters: "_controller": "Topxia\AdminBundle\Controller\CourseSettingController::liveCourseSettingAction", "_route": "admin_setting_live_course_setting") [] []
[2016-09-01 08:58:20] security.DEBUG: Read SecurityContext from the session [] []
[2016-09-01 08:58:20] security.DEBUG: Reloading user from user provider. [] []
[2016-09-01 08:58:20] security.DEBUG: Username "liaowu912@163.com" was reloaded from user provider. [] []
[2016-09-01 08:58:20] request.CRITICAL: Uncaught PHP Exception Topxia\Service\CloudPlatform\Client\CloudAPIIOException: "Connect api server timeout (url: http://leafapi2.edusoho.net/v1/lives/capacity?timestamp=1472691500)." at D:\WAMP\WWW\edusoho\src\Topxia\Service\CloudPlatform\Client\AbstractCloudAPI.php line 149 {"exception":"[object] (Topxia\\Service\\CloudPlatform\\Client\\CloudAPIIOException(code: 0): Connect api server timeout (url: http://leafapi2.edusoho.net/v1/lives/capacity?timestamp=1472691500). at D:\\WAMP\\WWW\\edusoho\\src\\Topxia\\Service\\CloudPlatform\\Client\\AbstractCloudAPI.php:149)"} []
[2016-09-01 08:58:21] security.DEBUG: Write SecurityContext in the session [] []
[2016-09-01 09:06:09] request.ERROR: Uncaught PHP Exception Symfony\Component\HttpKernel\Exception\NotFoundHttpException: "No route found for "GET /admin/setting/wrong-collection"" at D:\WAMP\WWW\edusoho\app\cache\prod\classes.php line 1886 {"exception":"[object] (Symfony\\Component\\HttpKernel\\Exception\\NotFoundHttpException(code: 0): No route found for \"GET /admin/setting/wrong-collection\" at D:\\WAMP\\WWW\\edusoho\\app\\cache\\prod\\classes.php:1886, Symfony\\Component\\Routing\\Exception\\ResourceNotFoundException(code: 0):  at D:\\WAMP\\WWW\\edusoho\\app\\cache\\prod\\appProdUrlMatcher.php:6671)"} []
[2016-09-01 09:07:58] request.ERROR: Uncaught PHP Exception Symfony\Component\HttpKernel\Exception\NotFoundHttpException: "No route found for "GET /admin/setting/wrong-collection"" at D:\WAMP\WWW\edusoho\app\cache\prod\classes.php line 1886 {"exception":"[object] (Symfony\\Component\\HttpKernel\\Exception\\NotFoundHttpException(code: 0): No route found for \"GET /admin/setting/wrong-collection\" at D:\\WAMP\\WWW\\edusoho\\app\\cache\\prod\\classes.php:1886, Symfony\\Component\\Routing\\Exception\\ResourceNotFoundException(code: 0):  at D:\\WAMP\\WWW\\edusoho\\app\\cache\\prod\\appProdUrlMatcher.php:6671)"} []
[2016-09-01 09:08:24] request.ERROR: Uncaught PHP Exception Symfony\Component\HttpKernel\Exception\NotFoundHttpException: "No route found for "GET /admin/setting/wrong-collection"" at D:\WAMP\WWW\edusoho\app\cache\prod\classes.php line 1886 {"exception":"[object] (Symfony\\Component\\HttpKernel\\Exception\\NotFoundHttpException(code: 0): No route found for \"GET /admin/setting/wrong-collection\" at D:\\WAMP\\WWW\\edusoho\\app\\cache\\prod\\classes.php:1886, Symfony\\Component\\Routing\\Exception\\ResourceNotFoundException(code: 0):  at D:\\WAMP\\WWW\\edusoho\\app\\cache\\prod\\appProdUrlMatcher.php:6671)"} []
